c:\users\gdnss\documents\gdnss11\002_study\hada\source\hada2\src\lidar\lidar\x64\release\vc143.pdb
c:\users\gdnss\documents\gdnss11\002_study\hada\source\hada2\src\lidar\lidar\x64\release\writedata.obj
c:\users\gdnss\documents\gdnss11\002_study\hada\source\hada2\src\lidar\lidar\x64\release\sharedmem.obj
c:\users\gdnss\documents\gdnss11\002_study\hada\source\hada2\src\lidar\lidar\x64\release\readdata.obj
c:\users\gdnss\documents\gdnss11\002_study\hada\source\hada2\src\lidar\lidar\x64\release\memwrite.obj
c:\users\gdnss\documents\gdnss11\002_study\hada\source\hada2\src\lidar\lidar\x64\release\manage.obj
c:\users\gdnss\documents\gdnss11\002_study\hada\source\hada2\src\lidar\lidar\x64\release\main.obj
c:\users\gdnss\documents\gdnss11\002_study\hada\source\hada2\src\lidar\lidar\x64\release\laserinterface.obj
c:\users\gdnss\documents\gdnss11\002_study\hada\source\hada2\src\lidar\lidar\x64\release\initialize.obj
c:\users\gdnss\documents\gdnss11\002_study\hada\source\hada2\src\lidar\lidar\x64\release\function.obj
c:\users\gdnss\documents\gdnss11\002_study\hada\source\hada2\src\lidar\lidar\x64\release\consoledesign.obj
c:\users\gdnss\documents\gdnss11\002_study\hada\source\hada2\src\lidar\x64\release\lidar.exe
c:\users\gdnss\documents\gdnss11\002_study\hada\source\hada2\src\lidar\lidar\x64\release\lidar.ipdb
c:\users\gdnss\documents\gdnss11\002_study\hada\source\hada2\src\lidar\x64\release\lidar.pdb
c:\users\gdnss\documents\gdnss11\002_study\hada\source\hada2\src\lidar\lidar\x64\release\lidar.iobj
c:\users\gdnss\documents\gdnss11\002_study\hada\source\hada2\src\lidar\lidar\x64\release\lidar.tlog\cl.command.1.tlog
c:\users\gdnss\documents\gdnss11\002_study\hada\source\hada2\src\lidar\lidar\x64\release\lidar.tlog\cl.read.1.tlog
c:\users\gdnss\documents\gdnss11\002_study\hada\source\hada2\src\lidar\lidar\x64\release\lidar.tlog\cl.write.1.tlog
c:\users\gdnss\documents\gdnss11\002_study\hada\source\hada2\src\lidar\lidar\x64\release\lidar.tlog\link.command.1.tlog
c:\users\gdnss\documents\gdnss11\002_study\hada\source\hada2\src\lidar\lidar\x64\release\lidar.tlog\link.read.1.tlog
c:\users\gdnss\documents\gdnss11\002_study\hada\source\hada2\src\lidar\lidar\x64\release\lidar.tlog\link.write.1.tlog
