c:\users\gdnss\documents\gdnss11\002_study\hada\source\hada2\src\lidar\lidar\debug\vc143.pdb
c:\users\gdnss\documents\gdnss11\002_study\hada\source\hada2\src\lidar\lidar\debug\vc143.idb
c:\users\gdnss\documents\gdnss11\002_study\hada\source\hada2\src\lidar\lidar\debug\manage.obj
c:\users\gdnss\documents\gdnss11\002_study\hada\source\hada2\src\lidar\lidar\debug\main.obj
c:\users\gdnss\documents\gdnss11\002_study\hada\source\hada2\src\lidar\lidar\debug\consoledesign.obj
c:\users\gdnss\documents\gdnss11\002_study\hada\source\hada2\src\lidar\lidar\debug\writedata.obj
c:\users\gdnss\documents\gdnss11\002_study\hada\source\hada2\src\lidar\lidar\debug\sharedmem.obj
c:\users\gdnss\documents\gdnss11\002_study\hada\source\hada2\src\lidar\lidar\debug\readdata.obj
c:\users\gdnss\documents\gdnss11\002_study\hada\source\hada2\src\lidar\lidar\debug\memwrite.obj
c:\users\gdnss\documents\gdnss11\002_study\hada\source\hada2\src\lidar\lidar\debug\laserinterface.obj
c:\users\gdnss\documents\gdnss11\002_study\hada\source\hada2\src\lidar\lidar\debug\initialize.obj
c:\users\gdnss\documents\gdnss11\002_study\hada\source\hada2\src\lidar\lidar\debug\function.obj
c:\users\gdnss\documents\gdnss11\002_study\hada\source\hada2\src\lidar\debug\lidar.exe
c:\users\gdnss\documents\gdnss11\002_study\hada\source\hada2\src\lidar\lidar\debug\lidar.ilk
c:\users\gdnss\documents\gdnss11\002_study\hada\source\hada2\src\lidar\debug\lidar.pdb
c:\users\gdnss\documents\gdnss11\002_study\hada\source\hada2\src\lidar\lidar\debug\lidar.tlog\cl.command.1.tlog
c:\users\gdnss\documents\gdnss11\002_study\hada\source\hada2\src\lidar\lidar\debug\lidar.tlog\cl.read.1.tlog
c:\users\gdnss\documents\gdnss11\002_study\hada\source\hada2\src\lidar\lidar\debug\lidar.tlog\cl.write.1.tlog
c:\users\gdnss\documents\gdnss11\002_study\hada\source\hada2\src\lidar\lidar\debug\lidar.tlog\link.command.1.tlog
c:\users\gdnss\documents\gdnss11\002_study\hada\source\hada2\src\lidar\lidar\debug\lidar.tlog\link.read.1.tlog
c:\users\gdnss\documents\gdnss11\002_study\hada\source\hada2\src\lidar\lidar\debug\lidar.tlog\link.write.1.tlog
