c:\users\hanmu\desktop\hada3 new code\2d_lidarcamfusion\lidar\lidar\x64\debug\vc142.pdb
c:\users\hanmu\desktop\hada3 new code\2d_lidarcamfusion\lidar\lidar\x64\debug\vc142.idb
c:\users\hanmu\desktop\hada3 new code\2d_lidarcamfusion\lidar\lidar\x64\debug\writedata.obj
c:\users\hanmu\desktop\hada3 new code\2d_lidarcamfusion\lidar\lidar\x64\debug\sharedmem.obj
c:\users\hanmu\desktop\hada3 new code\2d_lidarcamfusion\lidar\lidar\x64\debug\readdata.obj
c:\users\hanmu\desktop\hada3 new code\2d_lidarcamfusion\lidar\lidar\x64\debug\memwrite.obj
c:\users\hanmu\desktop\hada3 new code\2d_lidarcamfusion\lidar\lidar\x64\debug\manage.obj
c:\users\hanmu\desktop\hada3 new code\2d_lidarcamfusion\lidar\lidar\x64\debug\main.obj
c:\users\hanmu\desktop\hada3 new code\2d_lidarcamfusion\lidar\lidar\x64\debug\laserinterface.obj
c:\users\hanmu\desktop\hada3 new code\2d_lidarcamfusion\lidar\lidar\x64\debug\initialize.obj
c:\users\hanmu\desktop\hada3 new code\2d_lidarcamfusion\lidar\lidar\x64\debug\function.obj
c:\users\hanmu\desktop\hada3 new code\2d_lidarcamfusion\lidar\lidar\x64\debug\consoledesign.obj
c:\users\hanmu\desktop\hada3 new code\2d_lidarcamfusion\lidar\lidar\x64\debug\lidar.ilk
c:\users\hanmu\desktop\hada3 new code\2d_lidarcamfusion\lidar\x64\debug\lidar.exe
c:\users\hanmu\desktop\hada3 new code\2d_lidarcamfusion\lidar\x64\debug\lidar.pdb
c:\users\hanmu\desktop\hada3 new code\2d_lidarcamfusion\lidar\lidar\x64\debug\lidar.tlog\cl.command.1.tlog
c:\users\hanmu\desktop\hada3 new code\2d_lidarcamfusion\lidar\lidar\x64\debug\lidar.tlog\cl.read.1.tlog
c:\users\hanmu\desktop\hada3 new code\2d_lidarcamfusion\lidar\lidar\x64\debug\lidar.tlog\cl.write.1.tlog
c:\users\hanmu\desktop\hada3 new code\2d_lidarcamfusion\lidar\lidar\x64\debug\lidar.tlog\link.command.1.tlog
c:\users\hanmu\desktop\hada3 new code\2d_lidarcamfusion\lidar\lidar\x64\debug\lidar.tlog\link.read.1.tlog
c:\users\hanmu\desktop\hada3 new code\2d_lidarcamfusion\lidar\lidar\x64\debug\lidar.tlog\link.write.1.tlog
